{"/Users/kaito/LocalWebStorm/mern-social-from-scratch/webpack.config.client.js": {"path":"/Users/kaito/LocalWebStorm/mern-social-from-scratch/webpack.config.client.js","statementMap":{"0":{"start":{"line":1,"column":13},"end":{"line":1,"column":28}},"1":{"start":{"line":2,"column":28},"end":{"line":2,"column":41}},"2":{"start":{"line":3,"column":16},"end":{"line":3,"column":34}},"3":{"start":{"line":5,"column":0},"end":{"line":29,"column":1}}},"fnMap":{},"branchMap":{},"s":{"0":1,"1":1,"2":1,"3":1},"f":{},"b":{},"_coverageSchema":"1a1c01bbd47fc00a2c39e90264f33305004495a9","hash":"0dc6a14b7f07299ec1b2660e47f31d437c560223"}
,"/Users/kaito/LocalWebStorm/mern-social-from-scratch/config/config.js": {"path":"/Users/kaito/LocalWebStorm/mern-social-from-scratch/config/config.js","statementMap":{"0":{"start":{"line":4,"column":15},"end":{"line":13,"column":1}}},"fnMap":{},"branchMap":{"0":{"loc":{"start":{"line":5,"column":7},"end":{"line":5,"column":44}},"type":"binary-expr","locations":[{"start":{"line":5,"column":7},"end":{"line":5,"column":27}},{"start":{"line":5,"column":31},"end":{"line":5,"column":44}}],"line":5},"1":{"loc":{"start":{"line":6,"column":8},"end":{"line":6,"column":32}},"type":"binary-expr","locations":[{"start":{"line":6,"column":8},"end":{"line":6,"column":24}},{"start":{"line":6,"column":28},"end":{"line":6,"column":32}}],"line":6},"2":{"loc":{"start":{"line":7,"column":13},"end":{"line":7,"column":56}},"type":"binary-expr","locations":[{"start":{"line":7,"column":13},"end":{"line":7,"column":35}},{"start":{"line":7,"column":39},"end":{"line":7,"column":56}}],"line":7},"3":{"loc":{"start":{"line":8,"column":12},"end":{"line":12,"column":17}},"type":"binary-expr","locations":[{"start":{"line":8,"column":12},"end":{"line":8,"column":35}},{"start":{"line":9,"column":4},"end":{"line":9,"column":26}},{"start":{"line":10,"column":4},"end":{"line":12,"column":17}}],"line":8},"4":{"loc":{"start":{"line":10,"column":20},"end":{"line":10,"column":49}},"type":"binary-expr","locations":[{"start":{"line":10,"column":20},"end":{"line":10,"column":34}},{"start":{"line":10,"column":38},"end":{"line":10,"column":49}}],"line":10},"5":{"loc":{"start":{"line":11,"column":5},"end":{"line":11,"column":38}},"type":"binary-expr","locations":[{"start":{"line":11,"column":5},"end":{"line":11,"column":27}},{"start":{"line":11,"column":31},"end":{"line":11,"column":38}}],"line":11}},"s":{"0":1},"f":{},"b":{"0":[1,0],"1":[1,1],"2":[1,1],"3":[1,1,1],"4":[1,1],"5":[1,1]},"_coverageSchema":"1a1c01bbd47fc00a2c39e90264f33305004495a9","hash":"a10721bbdf5ad150403717e7e093e1653ca9bae3"}
,"/Users/kaito/LocalWebStorm/mern-social-from-scratch/config/mongoTestConnection.js": {"path":"/Users/kaito/LocalWebStorm/mern-social-from-scratch/config/mongoTestConnection.js","statementMap":{"0":{"start":{"line":4,"column":20},"end":{"line":4,"column":43}},"1":{"start":{"line":6,"column":0},"end":{"line":35,"column":1}},"2":{"start":{"line":8,"column":4},"end":{"line":28,"column":6}},"3":{"start":{"line":9,"column":27},"end":{"line":13,"column":7}},"4":{"start":{"line":15,"column":6},"end":{"line":15,"column":46}},"5":{"start":{"line":17,"column":6},"end":{"line":23,"column":8}},"6":{"start":{"line":18,"column":8},"end":{"line":21,"column":9}},"7":{"start":{"line":19,"column":10},"end":{"line":19,"column":24}},"8":{"start":{"line":20,"column":10},"end":{"line":20,"column":50}},"9":{"start":{"line":22,"column":8},"end":{"line":22,"column":22}},"10":{"start":{"line":25,"column":6},"end":{"line":27,"column":8}},"11":{"start":{"line":26,"column":8},"end":{"line":26,"column":68}},"12":{"start":{"line":32,"column":4},"end":{"line":32,"column":29}},"13":{"start":{"line":33,"column":4},"end":{"line":33,"column":28}}},"fnMap":{"0":{"name":"(anonymous_0)","decl":{"start":{"line":7,"column":11},"end":{"line":7,"column":12}},"loc":{"start":{"line":7,"column":17},"end":{"line":29,"column":3}},"line":7},"1":{"name":"(anonymous_1)","decl":{"start":{"line":8,"column":30},"end":{"line":8,"column":31}},"loc":{"start":{"line":8,"column":44},"end":{"line":28,"column":5}},"line":8},"2":{"name":"(anonymous_2)","decl":{"start":{"line":17,"column":38},"end":{"line":17,"column":39}},"loc":{"start":{"line":17,"column":43},"end":{"line":23,"column":7}},"line":17},"3":{"name":"(anonymous_3)","decl":{"start":{"line":25,"column":39},"end":{"line":25,"column":40}},"loc":{"start":{"line":25,"column":45},"end":{"line":27,"column":7}},"line":25},"4":{"name":"(anonymous_4)","decl":{"start":{"line":31,"column":14},"end":{"line":31,"column":15}},"loc":{"start":{"line":31,"column":30},"end":{"line":34,"column":3}},"line":31}},"branchMap":{"0":{"loc":{"start":{"line":18,"column":8},"end":{"line":21,"column":9}},"type":"if","locations":[{"start":{"line":18,"column":8},"end":{"line":21,"column":9}},{"start":{"line":18,"column":8},"end":{"line":21,"column":9}}],"line":18}},"s":{"0":1,"1":1,"2":1,"3":1,"4":1,"5":1,"6":0,"7":0,"8":0,"9":0,"10":1,"11":1,"12":1,"13":1},"f":{"0":1,"1":1,"2":0,"3":1,"4":1},"b":{"0":[0,0]},"_coverageSchema":"1a1c01bbd47fc00a2c39e90264f33305004495a9","hash":"6c454981bdb061ae409ce49015ce9b42b9ada216"}
,"/Users/kaito/LocalWebStorm/mern-social-from-scratch/server/devBundle.js": {"path":"/Users/kaito/LocalWebStorm/mern-social-from-scratch/server/devBundle.js","statementMap":{"0":{"start":{"line":7,"column":16},"end":{"line":16,"column":1}},"1":{"start":{"line":8,"column":2},"end":{"line":15,"column":3}},"2":{"start":{"line":9,"column":21},"end":{"line":9,"column":43}},"3":{"start":{"line":10,"column":23},"end":{"line":12,"column":6}},"4":{"start":{"line":13,"column":4},"end":{"line":13,"column":23}},"5":{"start":{"line":14,"column":4},"end":{"line":14,"column":43}}},"fnMap":{"0":{"name":"(anonymous_0)","decl":{"start":{"line":7,"column":16},"end":{"line":7,"column":17}},"loc":{"start":{"line":7,"column":25},"end":{"line":16,"column":1}},"line":7}},"branchMap":{"0":{"loc":{"start":{"line":8,"column":2},"end":{"line":15,"column":3}},"type":"if","locations":[{"start":{"line":8,"column":2},"end":{"line":15,"column":3}},{"start":{"line":8,"column":2},"end":{"line":15,"column":3}}],"line":8}},"s":{"0":1,"1":1,"2":0,"3":0,"4":0,"5":0},"f":{"0":1},"b":{"0":[0,1]},"_coverageSchema":"1a1c01bbd47fc00a2c39e90264f33305004495a9","hash":"e9254bfeca710f962664aef5aa10e9fa13339e67"}
,"/Users/kaito/LocalWebStorm/mern-social-from-scratch/server/express.js": {"path":"/Users/kaito/LocalWebStorm/mern-social-from-scratch/server/express.js","statementMap":{"0":{"start":{"line":16,"column":12},"end":{"line":16,"column":21}},"1":{"start":{"line":18,"column":0},"end":{"line":18,"column":22}},"2":{"start":{"line":20,"column":0},"end":{"line":20,"column":26}},"3":{"start":{"line":28,"column":0},"end":{"line":28,"column":24}},"4":{"start":{"line":29,"column":0},"end":{"line":29,"column":24}},"5":{"start":{"line":32,"column":0},"end":{"line":39,"column":2}},"6":{"start":{"line":33,"column":18},"end":{"line":33,"column":53}},"7":{"start":{"line":34,"column":15},"end":{"line":34,"column":50}},"8":{"start":{"line":35,"column":2},"end":{"line":38,"column":5}},"9":{"start":{"line":42,"column":0},"end":{"line":49,"column":2}},"10":{"start":{"line":43,"column":2},"end":{"line":48,"column":3}},"11":{"start":{"line":44,"column":4},"end":{"line":44,"column":68}},"12":{"start":{"line":45,"column":9},"end":{"line":48,"column":3}},"13":{"start":{"line":46,"column":4},"end":{"line":46,"column":68}},"14":{"start":{"line":47,"column":4},"end":{"line":47,"column":20}}},"fnMap":{"0":{"name":"(anonymous_0)","decl":{"start":{"line":32,"column":13},"end":{"line":32,"column":14}},"loc":{"start":{"line":32,"column":27},"end":{"line":39,"column":1}},"line":32},"1":{"name":"(anonymous_1)","decl":{"start":{"line":42,"column":8},"end":{"line":42,"column":9}},"loc":{"start":{"line":42,"column":33},"end":{"line":49,"column":1}},"line":42}},"branchMap":{"0":{"loc":{"start":{"line":43,"column":2},"end":{"line":48,"column":3}},"type":"if","locations":[{"start":{"line":43,"column":2},"end":{"line":48,"column":3}},{"start":{"line":43,"column":2},"end":{"line":48,"column":3}}],"line":43},"1":{"loc":{"start":{"line":45,"column":9},"end":{"line":48,"column":3}},"type":"if","locations":[{"start":{"line":45,"column":9},"end":{"line":48,"column":3}},{"start":{"line":45,"column":9},"end":{"line":48,"column":3}}],"line":45}},"s":{"0":1,"1":1,"2":1,"3":1,"4":1,"5":1,"6":1,"7":1,"8":1,"9":1,"10":3,"11":3,"12":0,"13":0,"14":0},"f":{"0":1,"1":3},"b":{"0":[3,0],"1":[0,0]},"_coverageSchema":"1a1c01bbd47fc00a2c39e90264f33305004495a9","hash":"05c226035b8bf9714ed365e13d3eefb080d2ee80"}
,"/Users/kaito/LocalWebStorm/mern-social-from-scratch/server/template.js": {"path":"/Users/kaito/LocalWebStorm/mern-social-from-scratch/server/template.js","statementMap":{"0":{"start":{"line":2,"column":2},"end":{"line":25,"column":8}}},"fnMap":{"0":{"name":"(anonymous_0)","decl":{"start":{"line":1,"column":15},"end":{"line":1,"column":16}},"loc":{"start":{"line":1,"column":36},"end":{"line":26,"column":1}},"line":1}},"branchMap":{},"s":{"0":1},"f":{"0":1},"b":{},"_coverageSchema":"1a1c01bbd47fc00a2c39e90264f33305004495a9","hash":"d01b63c5022d8de074d4da7f577c2e5ace784352"}
,"/Users/kaito/LocalWebStorm/mern-social-from-scratch/server/controllers/auth.controller.js": {"path":"/Users/kaito/LocalWebStorm/mern-social-from-scratch/server/controllers/auth.controller.js","statementMap":{"0":{"start":{"line":6,"column":22},"end":{"line":10,"column":2}},"1":{"start":{"line":12,"column":15},"end":{"line":52,"column":1}},"2":{"start":{"line":13,"column":2},"end":{"line":51,"column":3}},"3":{"start":{"line":14,"column":15},"end":{"line":16,"column":6}},"4":{"start":{"line":18,"column":4},"end":{"line":22,"column":5}},"5":{"start":{"line":19,"column":6},"end":{"line":21,"column":8}},"6":{"start":{"line":24,"column":4},"end":{"line":28,"column":5}},"7":{"start":{"line":25,"column":6},"end":{"line":27,"column":8}},"8":{"start":{"line":30,"column":18},"end":{"line":32,"column":24}},"9":{"start":{"line":38,"column":4},"end":{"line":45,"column":6}},"10":{"start":{"line":48,"column":4},"end":{"line":50,"column":6}},"11":{"start":{"line":54,"column":25},"end":{"line":61,"column":1}},"12":{"start":{"line":56,"column":21},"end":{"line":56,"column":79}},"13":{"start":{"line":57,"column":2},"end":{"line":59,"column":3}},"14":{"start":{"line":58,"column":4},"end":{"line":58,"column":71}},"15":{"start":{"line":60,"column":2},"end":{"line":60,"column":8}},"16":{"start":{"line":63,"column":16},"end":{"line":66,"column":1}},"17":{"start":{"line":64,"column":2},"end":{"line":64,"column":22}},"18":{"start":{"line":65,"column":2},"end":{"line":65,"column":59}}},"fnMap":{"0":{"name":"(anonymous_0)","decl":{"start":{"line":12,"column":15},"end":{"line":12,"column":16}},"loc":{"start":{"line":12,"column":35},"end":{"line":52,"column":1}},"line":12},"1":{"name":"(anonymous_1)","decl":{"start":{"line":54,"column":25},"end":{"line":54,"column":26}},"loc":{"start":{"line":54,"column":45},"end":{"line":61,"column":1}},"line":54},"2":{"name":"(anonymous_2)","decl":{"start":{"line":63,"column":16},"end":{"line":63,"column":17}},"loc":{"start":{"line":63,"column":30},"end":{"line":66,"column":1}},"line":63}},"branchMap":{"0":{"loc":{"start":{"line":18,"column":4},"end":{"line":22,"column":5}},"type":"if","locations":[{"start":{"line":18,"column":4},"end":{"line":22,"column":5}},{"start":{"line":18,"column":4},"end":{"line":22,"column":5}}],"line":18},"1":{"loc":{"start":{"line":24,"column":4},"end":{"line":28,"column":5}},"type":"if","locations":[{"start":{"line":24,"column":4},"end":{"line":28,"column":5}},{"start":{"line":24,"column":4},"end":{"line":28,"column":5}}],"line":24},"2":{"loc":{"start":{"line":56,"column":21},"end":{"line":56,"column":79}},"type":"binary-expr","locations":[{"start":{"line":56,"column":21},"end":{"line":56,"column":32}},{"start":{"line":56,"column":36},"end":{"line":56,"column":44}},{"start":{"line":56,"column":48},"end":{"line":56,"column":79}}],"line":56},"3":{"loc":{"start":{"line":57,"column":2},"end":{"line":59,"column":3}},"type":"if","locations":[{"start":{"line":57,"column":2},"end":{"line":59,"column":3}},{"start":{"line":57,"column":2},"end":{"line":59,"column":3}}],"line":57}},"s":{"0":1,"1":1,"2":3,"3":3,"4":3,"5":1,"6":2,"7":1,"8":1,"9":1,"10":0,"11":1,"12":4,"13":4,"14":2,"15":2,"16":1,"17":1,"18":1},"f":{"0":3,"1":4,"2":1},"b":{"0":[1,2],"1":[1,1],"2":[4,4,4],"3":[2,2]},"_coverageSchema":"1a1c01bbd47fc00a2c39e90264f33305004495a9","hash":"8e127c2c922a2455811faf9e1b661d46c717873e"}
,"/Users/kaito/LocalWebStorm/mern-social-from-scratch/server/controllers/user.controller.js": {"path":"/Users/kaito/LocalWebStorm/mern-social-from-scratch/server/controllers/user.controller.js","statementMap":{"0":{"start":{"line":5,"column":15},"end":{"line":13,"column":1}},"1":{"start":{"line":6,"column":15},"end":{"line":6,"column":33}},"2":{"start":{"line":7,"column":2},"end":{"line":12,"column":3}},"3":{"start":{"line":8,"column":4},"end":{"line":8,"column":21}},"4":{"start":{"line":9,"column":4},"end":{"line":9,"column":71}},"5":{"start":{"line":11,"column":4},"end":{"line":11,"column":77}},"6":{"start":{"line":15,"column":13},"end":{"line":24,"column":1}},"7":{"start":{"line":16,"column":2},"end":{"line":23,"column":3}},"8":{"start":{"line":17,"column":16},"end":{"line":17,"column":70}},"9":{"start":{"line":18,"column":4},"end":{"line":18,"column":26}},"10":{"start":{"line":20,"column":4},"end":{"line":22,"column":6}},"11":{"start":{"line":26,"column":13},"end":{"line":30,"column":1}},"12":{"start":{"line":27,"column":2},"end":{"line":27,"column":41}},"13":{"start":{"line":28,"column":2},"end":{"line":28,"column":30}},"14":{"start":{"line":29,"column":2},"end":{"line":29,"column":30}},"15":{"start":{"line":35,"column":17},"end":{"line":49,"column":1}},"16":{"start":{"line":36,"column":2},"end":{"line":48,"column":3}},"17":{"start":{"line":37,"column":15},"end":{"line":37,"column":38}},"18":{"start":{"line":38,"column":4},"end":{"line":41,"column":8}},"19":{"start":{"line":39,"column":6},"end":{"line":41,"column":8}},"20":{"start":{"line":42,"column":4},"end":{"line":42,"column":22}},"21":{"start":{"line":43,"column":4},"end":{"line":43,"column":10}},"22":{"start":{"line":45,"column":4},"end":{"line":47,"column":6}},"23":{"start":{"line":51,"column":15},"end":{"line":65,"column":1}},"24":{"start":{"line":52,"column":2},"end":{"line":64,"column":3}},"25":{"start":{"line":53,"column":15},"end":{"line":53,"column":26}},"26":{"start":{"line":54,"column":4},"end":{"line":54,"column":33}},"27":{"start":{"line":55,"column":4},"end":{"line":55,"column":29}},"28":{"start":{"line":56,"column":4},"end":{"line":56,"column":21}},"29":{"start":{"line":57,"column":4},"end":{"line":57,"column":36}},"30":{"start":{"line":58,"column":4},"end":{"line":58,"column":25}},"31":{"start":{"line":59,"column":4},"end":{"line":59,"column":18}},"32":{"start":{"line":61,"column":4},"end":{"line":63,"column":6}},"33":{"start":{"line":67,"column":15},"end":{"line":79,"column":1}},"34":{"start":{"line":68,"column":2},"end":{"line":78,"column":3}},"35":{"start":{"line":69,"column":15},"end":{"line":69,"column":26}},"36":{"start":{"line":70,"column":22},"end":{"line":70,"column":41}},"37":{"start":{"line":71,"column":4},"end":{"line":71,"column":43}},"38":{"start":{"line":72,"column":4},"end":{"line":72,"column":32}},"39":{"start":{"line":73,"column":4},"end":{"line":73,"column":25}},"40":{"start":{"line":75,"column":4},"end":{"line":77,"column":6}}},"fnMap":{"0":{"name":"(anonymous_0)","decl":{"start":{"line":5,"column":15},"end":{"line":5,"column":16}},"loc":{"start":{"line":5,"column":35},"end":{"line":13,"column":1}},"line":5},"1":{"name":"(anonymous_1)","decl":{"start":{"line":15,"column":13},"end":{"line":15,"column":14}},"loc":{"start":{"line":15,"column":33},"end":{"line":24,"column":1}},"line":15},"2":{"name":"(anonymous_2)","decl":{"start":{"line":26,"column":13},"end":{"line":26,"column":14}},"loc":{"start":{"line":26,"column":27},"end":{"line":30,"column":1}},"line":26},"3":{"name":"(anonymous_3)","decl":{"start":{"line":35,"column":17},"end":{"line":35,"column":18}},"loc":{"start":{"line":35,"column":47},"end":{"line":49,"column":1}},"line":35},"4":{"name":"(anonymous_4)","decl":{"start":{"line":51,"column":15},"end":{"line":51,"column":16}},"loc":{"start":{"line":51,"column":35},"end":{"line":65,"column":1}},"line":51},"5":{"name":"(anonymous_5)","decl":{"start":{"line":67,"column":15},"end":{"line":67,"column":16}},"loc":{"start":{"line":67,"column":35},"end":{"line":79,"column":1}},"line":67}},"branchMap":{"0":{"loc":{"start":{"line":38,"column":4},"end":{"line":41,"column":8}},"type":"if","locations":[{"start":{"line":38,"column":4},"end":{"line":41,"column":8}},{"start":{"line":38,"column":4},"end":{"line":41,"column":8}}],"line":38}},"s":{"0":1,"1":3,"2":3,"3":3,"4":2,"5":1,"6":1,"7":1,"8":1,"9":1,"10":0,"11":1,"12":1,"13":1,"14":1,"15":1,"16":11,"17":11,"18":8,"19":0,"20":8,"21":8,"22":3,"23":1,"24":1,"25":1,"26":1,"27":1,"28":1,"29":1,"30":1,"31":1,"32":0,"33":1,"34":1,"35":1,"36":1,"37":1,"38":1,"39":1,"40":0},"f":{"0":3,"1":1,"2":1,"3":11,"4":1,"5":1},"b":{"0":[0,8]},"_coverageSchema":"1a1c01bbd47fc00a2c39e90264f33305004495a9","hash":"560ba25400927884427cf9995ee78b479fe862a7"}
,"/Users/kaito/LocalWebStorm/mern-social-from-scratch/server/helpers/dbErrorHandler.js": {"path":"/Users/kaito/LocalWebStorm/mern-social-from-scratch/server/helpers/dbErrorHandler.js","statementMap":{"0":{"start":{"line":6,"column":30},"end":{"line":18,"column":1}},"1":{"start":{"line":8,"column":2},"end":{"line":15,"column":3}},"2":{"start":{"line":9,"column":20},"end":{"line":10,"column":36}},"3":{"start":{"line":11,"column":4},"end":{"line":12,"column":23}},"4":{"start":{"line":14,"column":4},"end":{"line":14,"column":42}},"5":{"start":{"line":17,"column":2},"end":{"line":17,"column":15}},"6":{"start":{"line":23,"column":24},"end":{"line":42,"column":1}},"7":{"start":{"line":24,"column":16},"end":{"line":24,"column":18}},"8":{"start":{"line":26,"column":2},"end":{"line":39,"column":3}},"9":{"start":{"line":27,"column":4},"end":{"line":34,"column":5}},"10":{"start":{"line":30,"column":8},"end":{"line":30,"column":44}},"11":{"start":{"line":31,"column":8},"end":{"line":31,"column":13}},"12":{"start":{"line":33,"column":8},"end":{"line":33,"column":40}},"13":{"start":{"line":36,"column":4},"end":{"line":38,"column":5}},"14":{"start":{"line":37,"column":6},"end":{"line":37,"column":76}},"15":{"start":{"line":37,"column":39},"end":{"line":37,"column":76}},"16":{"start":{"line":41,"column":2},"end":{"line":41,"column":16}}},"fnMap":{"0":{"name":"(anonymous_0)","decl":{"start":{"line":6,"column":30},"end":{"line":6,"column":31}},"loc":{"start":{"line":6,"column":39},"end":{"line":18,"column":1}},"line":6},"1":{"name":"(anonymous_1)","decl":{"start":{"line":23,"column":24},"end":{"line":23,"column":25}},"loc":{"start":{"line":23,"column":33},"end":{"line":42,"column":1}},"line":23}},"branchMap":{"0":{"loc":{"start":{"line":26,"column":2},"end":{"line":39,"column":3}},"type":"if","locations":[{"start":{"line":26,"column":2},"end":{"line":39,"column":3}},{"start":{"line":26,"column":2},"end":{"line":39,"column":3}}],"line":26},"1":{"loc":{"start":{"line":27,"column":4},"end":{"line":34,"column":5}},"type":"switch","locations":[{"start":{"line":28,"column":6},"end":{"line":28,"column":17}},{"start":{"line":29,"column":6},"end":{"line":31,"column":13}},{"start":{"line":32,"column":6},"end":{"line":33,"column":40}}],"line":27},"2":{"loc":{"start":{"line":37,"column":6},"end":{"line":37,"column":76}},"type":"if","locations":[{"start":{"line":37,"column":6},"end":{"line":37,"column":76}},{"start":{"line":37,"column":6},"end":{"line":37,"column":76}}],"line":37}},"s":{"0":1,"1":1,"2":1,"3":1,"4":0,"5":1,"6":1,"7":1,"8":1,"9":1,"10":1,"11":1,"12":0,"13":0,"14":0,"15":0,"16":1},"f":{"0":1,"1":1},"b":{"0":[1,0],"1":[1,1,0],"2":[0,0]},"_coverageSchema":"1a1c01bbd47fc00a2c39e90264f33305004495a9","hash":"f8726532c41407e2d1fa015355aa59b2bee08846"}
,"/Users/kaito/LocalWebStorm/mern-social-from-scratch/server/helpers/randomPasswordGenerator.js": {"path":"/Users/kaito/LocalWebStorm/mern-social-from-scratch/server/helpers/randomPasswordGenerator.js","statementMap":{"0":{"start":{"line":2,"column":22},"end":{"line":2,"column":94}},"1":{"start":{"line":3,"column":18},"end":{"line":3,"column":67}},"2":{"start":{"line":4,"column":21},"end":{"line":7,"column":13}},"3":{"start":{"line":6,"column":24},"end":{"line":6,"column":70}},"4":{"start":{"line":8,"column":2},"end":{"line":8,"column":21}}},"fnMap":{"0":{"name":"generateRandomPassword","decl":{"start":{"line":1,"column":9},"end":{"line":1,"column":31}},"loc":{"start":{"line":1,"column":43},"end":{"line":9,"column":1}},"line":1},"1":{"name":"(anonymous_1)","decl":{"start":{"line":6,"column":9},"end":{"line":6,"column":10}},"loc":{"start":{"line":6,"column":22},"end":{"line":6,"column":72}},"line":6}},"branchMap":{},"s":{"0":6,"1":6,"2":6,"3":64,"4":6},"f":{"0":6,"1":64},"b":{},"_coverageSchema":"1a1c01bbd47fc00a2c39e90264f33305004495a9","hash":"3070bf29c3b78712e42da5440e0dd42c960d0780"}
,"/Users/kaito/LocalWebStorm/mern-social-from-scratch/server/models/user.model.js": {"path":"/Users/kaito/LocalWebStorm/mern-social-from-scratch/server/models/user.model.js","statementMap":{"0":{"start":{"line":4,"column":19},"end":{"line":27,"column":2}},"1":{"start":{"line":29,"column":0},"end":{"line":35,"column":2}},"2":{"start":{"line":30,"column":2},"end":{"line":30,"column":27}},"3":{"start":{"line":31,"column":2},"end":{"line":31,"column":29}},"4":{"start":{"line":32,"column":2},"end":{"line":32,"column":55}},"5":{"start":{"line":34,"column":2},"end":{"line":34,"column":23}},"6":{"start":{"line":46,"column":0},"end":{"line":61,"column":1}},"7":{"start":{"line":48,"column":4},"end":{"line":48,"column":67}},"8":{"start":{"line":51,"column":4},"end":{"line":51,"column":28}},"9":{"start":{"line":51,"column":19},"end":{"line":51,"column":28}},"10":{"start":{"line":52,"column":4},"end":{"line":56,"column":5}},"11":{"start":{"line":53,"column":6},"end":{"line":53,"column":82}},"12":{"start":{"line":55,"column":6},"end":{"line":55,"column":15}},"13":{"start":{"line":59,"column":4},"end":{"line":59,"column":66}}},"fnMap":{"0":{"name":"(anonymous_0)","decl":{"start":{"line":29,"column":35},"end":{"line":29,"column":36}},"loc":{"start":{"line":29,"column":55},"end":{"line":33,"column":1}},"line":29},"1":{"name":"(anonymous_1)","decl":{"start":{"line":33,"column":7},"end":{"line":33,"column":8}},"loc":{"start":{"line":33,"column":19},"end":{"line":35,"column":1}},"line":33},"2":{"name":"(anonymous_2)","decl":{"start":{"line":47,"column":16},"end":{"line":47,"column":17}},"loc":{"start":{"line":47,"column":37},"end":{"line":49,"column":3}},"line":47},"3":{"name":"(anonymous_3)","decl":{"start":{"line":50,"column":19},"end":{"line":50,"column":20}},"loc":{"start":{"line":50,"column":39},"end":{"line":57,"column":3}},"line":50},"4":{"name":"(anonymous_4)","decl":{"start":{"line":58,"column":12},"end":{"line":58,"column":13}},"loc":{"start":{"line":58,"column":24},"end":{"line":60,"column":3}},"line":58}},"branchMap":{"0":{"loc":{"start":{"line":51,"column":4},"end":{"line":51,"column":28}},"type":"if","locations":[{"start":{"line":51,"column":4},"end":{"line":51,"column":28}},{"start":{"line":51,"column":4},"end":{"line":51,"column":28}}],"line":51}},"s":{"0":1,"1":1,"2":4,"3":4,"4":4,"5":1,"6":1,"7":2,"8":6,"9":0,"10":6,"11":6,"12":0,"13":4},"f":{"0":4,"1":1,"2":2,"3":6,"4":4},"b":{"0":[0,6]},"_coverageSchema":"1a1c01bbd47fc00a2c39e90264f33305004495a9","hash":"0f17b4a1d2ead529c9a2ef4dc98575204efd1420"}
,"/Users/kaito/LocalWebStorm/mern-social-from-scratch/server/routes/auth.routes.js": {"path":"/Users/kaito/LocalWebStorm/mern-social-from-scratch/server/routes/auth.routes.js","statementMap":{"0":{"start":{"line":4,"column":15},"end":{"line":4,"column":31}},"1":{"start":{"line":6,"column":0},"end":{"line":6,"column":50}},"2":{"start":{"line":7,"column":0},"end":{"line":7,"column":51}}},"fnMap":{},"branchMap":{},"s":{"0":1,"1":1,"2":1},"f":{},"b":{},"_coverageSchema":"1a1c01bbd47fc00a2c39e90264f33305004495a9","hash":"6bc97b4a2c5f3c26639b90ff28b7b19def386de6"}
,"/Users/kaito/LocalWebStorm/mern-social-from-scratch/server/routes/user.routes.js": {"path":"/Users/kaito/LocalWebStorm/mern-social-from-scratch/server/routes/user.routes.js","statementMap":{"0":{"start":{"line":5,"column":15},"end":{"line":5,"column":31}},"1":{"start":{"line":7,"column":0},"end":{"line":7,"column":67}},"2":{"start":{"line":9,"column":0},"end":{"line":12,"column":77}},"3":{"start":{"line":14,"column":0},"end":{"line":14,"column":41}}},"fnMap":{},"branchMap":{},"s":{"0":1,"1":1,"2":1,"3":1},"f":{},"b":{},"_coverageSchema":"1a1c01bbd47fc00a2c39e90264f33305004495a9","hash":"1c6a34a83548457918829a355ec69a7ccdfe7d16"}
}
