TN:
SF:webpack.config.client.js
FNF:0
FNH:0
DA:1,1
DA:2,1
DA:3,1
DA:5,1
LF:4
LH:4
BRF:0
BRH:0
end_of_record
TN:
SF:config/config.js
FNF:0
FNH:0
DA:4,1
LF:1
LH:1
BRDA:5,0,0,1
BRDA:5,0,1,0
BRDA:6,1,0,1
BRDA:6,1,1,1
BRDA:7,2,0,1
BRDA:7,2,1,1
BRDA:8,3,0,1
BRDA:8,3,1,1
BRDA:8,3,2,1
BRDA:10,4,0,1
BRDA:10,4,1,1
BRDA:11,5,0,1
BRDA:11,5,1,1
BRF:13
BRH:12
end_of_record
TN:
SF:config/mongoTestConnection.js
FN:7,(anonymous_0)
FN:8,(anonymous_1)
FN:17,(anonymous_2)
FN:25,(anonymous_3)
FN:31,(anonymous_4)
FNF:5
FNH:4
FNDA:1,(anonymous_0)
FNDA:1,(anonymous_1)
FNDA:0,(anonymous_2)
FNDA:1,(anonymous_3)
FNDA:1,(anonymous_4)
DA:4,1
DA:6,1
DA:8,1
DA:9,1
DA:15,1
DA:17,1
DA:18,0
DA:19,0
DA:20,0
DA:22,0
DA:25,1
DA:26,1
DA:32,1
DA:33,1
LF:14
LH:10
BRDA:18,0,0,0
BRDA:18,0,1,0
BRF:2
BRH:0
end_of_record
TN:
SF:server/devBundle.js
FN:7,(anonymous_0)
FNF:1
FNH:1
FNDA:1,(anonymous_0)
DA:7,1
DA:8,1
DA:9,0
DA:10,0
DA:13,0
DA:14,0
LF:6
LH:2
BRDA:8,0,0,0
BRDA:8,0,1,1
BRF:2
BRH:1
end_of_record
TN:
SF:server/express.js
FN:32,(anonymous_0)
FN:42,(anonymous_1)
FNF:2
FNH:2
FNDA:1,(anonymous_0)
FNDA:3,(anonymous_1)
DA:16,1
DA:18,1
DA:20,1
DA:28,1
DA:29,1
DA:32,1
DA:33,1
DA:34,1
DA:35,1
DA:42,1
DA:43,3
DA:44,3
DA:45,0
DA:46,0
DA:47,0
LF:15
LH:12
BRDA:43,0,0,3
BRDA:43,0,1,0
BRDA:45,1,0,0
BRDA:45,1,1,0
BRF:4
BRH:1
end_of_record
TN:
SF:server/template.js
FN:1,(anonymous_0)
FNF:1
FNH:1
FNDA:1,(anonymous_0)
DA:2,1
LF:1
LH:1
BRF:0
BRH:0
end_of_record
TN:
SF:server/controllers/auth.controller.js
FN:12,(anonymous_0)
FN:54,(anonymous_1)
FN:63,(anonymous_2)
FNF:3
FNH:3
FNDA:3,(anonymous_0)
FNDA:4,(anonymous_1)
FNDA:1,(anonymous_2)
DA:6,1
DA:12,1
DA:13,3
DA:14,3
DA:18,3
DA:19,1
DA:24,2
DA:25,1
DA:30,1
DA:38,1
DA:48,0
DA:54,1
DA:56,4
DA:57,4
DA:58,2
DA:60,2
DA:63,1
DA:64,1
DA:65,1
LF:19
LH:18
BRDA:18,0,0,1
BRDA:18,0,1,2
BRDA:24,1,0,1
BRDA:24,1,1,1
BRDA:56,2,0,4
BRDA:56,2,1,4
BRDA:56,2,2,4
BRDA:57,3,0,2
BRDA:57,3,1,2
BRF:9
BRH:9
end_of_record
TN:
SF:server/controllers/user.controller.js
FN:5,(anonymous_0)
FN:15,(anonymous_1)
FN:26,(anonymous_2)
FN:35,(anonymous_3)
FN:51,(anonymous_4)
FN:67,(anonymous_5)
FNF:6
FNH:6
FNDA:3,(anonymous_0)
FNDA:1,(anonymous_1)
FNDA:1,(anonymous_2)
FNDA:11,(anonymous_3)
FNDA:1,(anonymous_4)
FNDA:1,(anonymous_5)
DA:5,1
DA:6,3
DA:7,3
DA:8,3
DA:9,2
DA:11,1
DA:15,1
DA:16,1
DA:17,1
DA:18,1
DA:20,0
DA:26,1
DA:27,1
DA:28,1
DA:29,1
DA:35,1
DA:36,11
DA:37,11
DA:38,8
DA:39,0
DA:42,8
DA:43,8
DA:45,3
DA:51,1
DA:52,1
DA:53,1
DA:54,1
DA:55,1
DA:56,1
DA:57,1
DA:58,1
DA:59,1
DA:61,0
DA:67,1
DA:68,1
DA:69,1
DA:70,1
DA:71,1
DA:72,1
DA:73,1
DA:75,0
LF:41
LH:37
BRDA:38,0,0,0
BRDA:38,0,1,8
BRF:2
BRH:1
end_of_record
TN:
SF:server/helpers/dbErrorHandler.js
FN:6,(anonymous_0)
FN:23,(anonymous_1)
FNF:2
FNH:2
FNDA:1,(anonymous_0)
FNDA:1,(anonymous_1)
DA:6,1
DA:8,1
DA:9,1
DA:11,1
DA:14,0
DA:17,1
DA:23,1
DA:24,1
DA:26,1
DA:27,1
DA:30,1
DA:31,1
DA:33,0
DA:36,0
DA:37,0
DA:41,1
LF:16
LH:12
BRDA:26,0,0,1
BRDA:26,0,1,0
BRDA:27,1,0,1
BRDA:27,1,1,1
BRDA:27,1,2,0
BRDA:37,2,0,0
BRDA:37,2,1,0
BRF:7
BRH:3
end_of_record
TN:
SF:server/helpers/randomPasswordGenerator.js
FN:1,generateRandomPassword
FN:6,(anonymous_1)
FNF:2
FNH:2
FNDA:6,generateRandomPassword
FNDA:64,(anonymous_1)
DA:2,6
DA:3,6
DA:4,6
DA:6,64
DA:8,6
LF:5
LH:5
BRF:0
BRH:0
end_of_record
TN:
SF:server/models/user.model.js
FN:29,(anonymous_0)
FN:33,(anonymous_1)
FN:47,(anonymous_2)
FN:50,(anonymous_3)
FN:58,(anonymous_4)
FNF:5
FNH:5
FNDA:4,(anonymous_0)
FNDA:1,(anonymous_1)
FNDA:2,(anonymous_2)
FNDA:6,(anonymous_3)
FNDA:4,(anonymous_4)
DA:4,1
DA:29,1
DA:30,4
DA:31,4
DA:32,4
DA:34,1
DA:46,1
DA:48,2
DA:51,6
DA:52,6
DA:53,6
DA:55,0
DA:59,4
LF:13
LH:12
BRDA:51,0,0,0
BRDA:51,0,1,6
BRF:2
BRH:1
end_of_record
TN:
SF:server/routes/auth.routes.js
FNF:0
FNH:0
DA:4,1
DA:6,1
DA:7,1
LF:3
LH:3
BRF:0
BRH:0
end_of_record
TN:
SF:server/routes/user.routes.js
FNF:0
FNH:0
DA:5,1
DA:7,1
DA:9,1
DA:14,1
LF:4
LH:4
BRF:0
BRH:0
end_of_record
